[2025-11-04 08:07:17.056] [121708] [HailoRT] [info] [device.cpp:49] [Device] OS Version: Linux 6.12.47+rpt-rpi-2712 #1 SMP PREEMPT Debian 1:6.12.47-1+rpt1~bookworm (2025-09-16) aarch64
[2025-11-04 08:07:17.059] [121708] [HailoRT] [info] [control.cpp:108] [control__parse_identify_results] firmware_version is: 4.20.0
[2025-11-04 08:07:17.060] [121708] [HailoRT] [info] [control.cpp:108] [control__parse_identify_results] firmware_version is: 4.20.0
[2025-11-04 08:07:17.244] [121708] [HailoRT] [info] [device.cpp:49] [Device] OS Version: Linux 6.12.47+rpt-rpi-2712 #1 SMP PREEMPT Debian 1:6.12.47-1+rpt1~bookworm (2025-09-16) aarch64
[2025-11-04 08:07:17.246] [121708] [HailoRT] [info] [control.cpp:108] [control__parse_identify_results] firmware_version is: 4.20.0
[2025-11-04 08:07:17.247] [121708] [HailoRT] [info] [control.cpp:108] [control__parse_identify_results] firmware_version is: 4.20.0
[2025-11-04 08:07:17.304] [121708] [HailoRT] [info] [device.cpp:49] [Device] OS Version: Linux 6.12.47+rpt-rpi-2712 #1 SMP PREEMPT Debian 1:6.12.47-1+rpt1~bookworm (2025-09-16) aarch64
[2025-11-04 08:07:17.306] [121708] [HailoRT] [info] [control.cpp:108] [control__parse_identify_results] firmware_version is: 4.20.0
[2025-11-04 08:07:17.307] [121708] [HailoRT] [info] [control.cpp:108] [control__parse_identify_results] firmware_version is: 4.20.0
[2025-11-04 08:09:35.052] [124758] [HailoRT] [info] [device.cpp:49] [Device] OS Version: Linux 6.12.47+rpt-rpi-2712 #1 SMP PREEMPT Debian 1:6.12.47-1+rpt1~bookworm (2025-09-16) aarch64
[2025-11-04 08:09:35.054] [124758] [HailoRT] [info] [control.cpp:108] [control__parse_identify_results] firmware_version is: 4.20.0
[2025-11-04 08:09:35.055] [124758] [HailoRT] [info] [control.cpp:108] [control__parse_identify_results] firmware_version is: 4.20.0
[2025-11-04 08:09:35.134] [124758] [HailoRT] [info] [device.cpp:49] [Device] OS Version: Linux 6.12.47+rpt-rpi-2712 #1 SMP PREEMPT Debian 1:6.12.47-1+rpt1~bookworm (2025-09-16) aarch64
[2025-11-04 08:09:35.135] [124758] [HailoRT] [info] [control.cpp:108] [control__parse_identify_results] firmware_version is: 4.20.0
[2025-11-04 08:09:35.136] [124758] [HailoRT] [info] [control.cpp:108] [control__parse_identify_results] firmware_version is: 4.20.0
[2025-11-04 08:09:35.240] [124758] [HailoRT] [info] [device.cpp:49] [Device] OS Version: Linux 6.12.47+rpt-rpi-2712 #1 SMP PREEMPT Debian 1:6.12.47-1+rpt1~bookworm (2025-09-16) aarch64
[2025-11-04 08:09:35.241] [124758] [HailoRT] [info] [control.cpp:108] [control__parse_identify_results] firmware_version is: 4.20.0
[2025-11-04 08:09:35.242] [124758] [HailoRT] [info] [control.cpp:108] [control__parse_identify_results] firmware_version is: 4.20.0
[2025-11-04 08:09:36.212] [124808] [HailoRT] [info] [device.cpp:49] [Device] OS Version: Linux 6.12.47+rpt-rpi-2712 #1 SMP PREEMPT Debian 1:6.12.47-1+rpt1~bookworm (2025-09-16) aarch64
[2025-11-04 08:09:36.217] [124808] [HailoRT] [info] [control.cpp:108] [control__parse_identify_results] firmware_version is: 4.20.0
[2025-11-04 08:09:36.219] [124808] [HailoRT] [info] [control.cpp:108] [control__parse_identify_results] firmware_version is: 4.20.0
[2025-11-04 08:09:36.273] [124808] [HailoRT] [info] [vdevice.cpp:523] [create] Creating vdevice with params: device_count: 1, scheduling_algorithm: ROUND_ROBIN, multi_process_service: true
[2025-11-04 08:09:37.365] [124808] [HailoRT] [info] [device.cpp:49] [Device] OS Version: Linux 6.12.47+rpt-rpi-2712 #1 SMP PREEMPT Debian 1:6.12.47-1+rpt1~bookworm (2025-09-16) aarch64
[2025-11-04 08:09:37.366] [124808] [HailoRT] [info] [control.cpp:108] [control__parse_identify_results] firmware_version is: 4.20.0
[2025-11-04 08:09:37.406] [124808] [HailoRT] [info] [hef.cpp:1929] [get_network_group_and_network_name] No name was given. Addressing all networks of default network_group: yolov8n_relu6_coco
[2025-11-04 08:09:37.406] [124808] [HailoRT] [info] [hef.cpp:1929] [get_network_group_and_network_name] No name was given. Addressing all networks of default network_group: yolov8n_relu6_coco
[2025-11-04 08:09:37.525] [124808] [HailoRT] [info] [infer_model.cpp:436] [configure] Configuring network group 'yolov8n_relu6_coco' with params: batch size: 0, power mode: ULTRA_PERFORMANCE, latency: NONE
[2025-11-04 08:09:37.529] [124808] [HailoRT] [info] [multi_io_elements.cpp:756] [create] Created (AsyncHwEl)
[2025-11-04 08:09:37.530] [124808] [HailoRT] [info] [queue_elements.cpp:450] [create] Created (EntryPushQEl0yolov8n_relu6_coco/input_layer1 | timeout: 10s)
[2025-11-04 08:09:37.531] [124808] [HailoRT] [info] [edge_elements.cpp:187] [create] Created (LastAsyncEl4AsyncHwEl)
[2025-11-04 08:09:37.531] [124808] [HailoRT] [info] [edge_elements.cpp:187] [create] Created (LastAsyncEl3AsyncHwEl)
[2025-11-04 08:09:37.531] [124808] [HailoRT] [info] [edge_elements.cpp:187] [create] Created (LastAsyncEl2AsyncHwEl)
[2025-11-04 08:09:37.532] [124808] [HailoRT] [info] [edge_elements.cpp:187] [create] Created (LastAsyncEl0AsyncHwEl)
[2025-11-04 08:09:37.532] [124808] [HailoRT] [info] [edge_elements.cpp:187] [create] Created (LastAsyncEl5AsyncHwEl)
[2025-11-04 08:09:37.532] [124808] [HailoRT] [info] [edge_elements.cpp:187] [create] Created (LastAsyncEl1AsyncHwEl)
[2025-11-04 08:09:37.532] [124808] [HailoRT] [info] [pipeline.cpp:891] [print_deep_description] EntryPushQEl0yolov8n_relu6_coco/input_layer1 | inputs: user | outputs: AsyncHwEl(running in thread_id: 124927)
[2025-11-04 08:09:37.532] [124808] [HailoRT] [info] [pipeline.cpp:891] [print_deep_description] AsyncHwEl | inputs: EntryPushQEl0yolov8n_relu6_coco/input_layer1[0] | outputs: LastAsyncEl0AsyncHwEl LastAsyncEl1AsyncHwEl LastAsyncEl2AsyncHwEl LastAsyncEl3AsyncHwEl LastAsyncEl4AsyncHwEl LastAsyncEl5AsyncHwEl
[2025-11-04 08:09:37.532] [124808] [HailoRT] [info] [pipeline.cpp:891] [print_deep_description] LastAsyncEl0AsyncHwEl | inputs: AsyncHwEl[0] | outputs: user
[2025-11-04 08:09:37.532] [124808] [HailoRT] [info] [pipeline.cpp:891] [print_deep_description] LastAsyncEl1AsyncHwEl | inputs: AsyncHwEl[0] | outputs: user
[2025-11-04 08:09:37.532] [124808] [HailoRT] [info] [pipeline.cpp:891] [print_deep_description] LastAsyncEl2AsyncHwEl | inputs: AsyncHwEl[0] | outputs: user
[2025-11-04 08:09:37.532] [124808] [HailoRT] [info] [pipeline.cpp:891] [print_deep_description] LastAsyncEl3AsyncHwEl | inputs: AsyncHwEl[0] | outputs: user
[2025-11-04 08:09:37.532] [124808] [HailoRT] [info] [pipeline.cpp:891] [print_deep_description] LastAsyncEl4AsyncHwEl | inputs: AsyncHwEl[0] | outputs: user
[2025-11-04 08:09:37.532] [124808] [HailoRT] [info] [pipeline.cpp:891] [print_deep_description] LastAsyncEl5AsyncHwEl | inputs: AsyncHwEl[0] | outputs: user
[2025-11-04 08:09:37.533] [124808] [HailoRT] [info] [hef.cpp:1929] [get_network_group_and_network_name] No name was given. Addressing all networks of default network_group: yolov8n_relu6_coco
[2025-11-04 08:09:37.533] [124808] [HailoRT] [info] [hef.cpp:1929] [get_network_group_and_network_name] No name was given. Addressing all networks of default network_group: yolov8n_relu6_coco
[2025-11-04 09:06:12.547] [3361] [HailoRT] [info] [device.cpp:49] [Device] OS Version: Linux 6.12.47+rpt-rpi-2712 #1 SMP PREEMPT Debian 1:6.12.47-1+rpt1~bookworm (2025-09-16) aarch64
[2025-11-04 09:06:12.549] [3361] [HailoRT] [info] [control.cpp:108] [control__parse_identify_results] firmware_version is: 4.20.0
[2025-11-04 09:06:12.550] [3361] [HailoRT] [info] [control.cpp:108] [control__parse_identify_results] firmware_version is: 4.20.0
[2025-11-04 09:06:12.776] [3361] [HailoRT] [info] [device.cpp:49] [Device] OS Version: Linux 6.12.47+rpt-rpi-2712 #1 SMP PREEMPT Debian 1:6.12.47-1+rpt1~bookworm (2025-09-16) aarch64
[2025-11-04 09:06:12.778] [3361] [HailoRT] [info] [control.cpp:108] [control__parse_identify_results] firmware_version is: 4.20.0
[2025-11-04 09:06:12.778] [3361] [HailoRT] [info] [control.cpp:108] [control__parse_identify_results] firmware_version is: 4.20.0
[2025-11-04 09:06:12.832] [3361] [HailoRT] [info] [device.cpp:49] [Device] OS Version: Linux 6.12.47+rpt-rpi-2712 #1 SMP PREEMPT Debian 1:6.12.47-1+rpt1~bookworm (2025-09-16) aarch64
[2025-11-04 09:06:12.833] [3361] [HailoRT] [info] [control.cpp:108] [control__parse_identify_results] firmware_version is: 4.20.0
[2025-11-04 09:06:12.834] [3361] [HailoRT] [info] [control.cpp:108] [control__parse_identify_results] firmware_version is: 4.20.0
[2025-11-04 09:06:13.257] [3393] [HailoRT] [info] [device.cpp:49] [Device] OS Version: Linux 6.12.47+rpt-rpi-2712 #1 SMP PREEMPT Debian 1:6.12.47-1+rpt1~bookworm (2025-09-16) aarch64
[2025-11-04 09:06:13.259] [3393] [HailoRT] [info] [control.cpp:108] [control__parse_identify_results] firmware_version is: 4.20.0
[2025-11-04 09:06:13.261] [3393] [HailoRT] [info] [control.cpp:108] [control__parse_identify_results] firmware_version is: 4.20.0
[2025-11-04 09:06:13.292] [3393] [HailoRT] [info] [vdevice.cpp:523] [create] Creating vdevice with params: device_count: 1, scheduling_algorithm: ROUND_ROBIN, multi_process_service: true
[2025-11-04 09:06:14.381] [3393] [HailoRT] [info] [device.cpp:49] [Device] OS Version: Linux 6.12.47+rpt-rpi-2712 #1 SMP PREEMPT Debian 1:6.12.47-1+rpt1~bookworm (2025-09-16) aarch64
[2025-11-04 09:06:14.384] [3393] [HailoRT] [info] [control.cpp:108] [control__parse_identify_results] firmware_version is: 4.20.0
[2025-11-04 09:06:14.432] [3393] [HailoRT] [info] [hef.cpp:1929] [get_network_group_and_network_name] No name was given. Addressing all networks of default network_group: yolov8n_relu6_coco
[2025-11-04 09:06:14.432] [3393] [HailoRT] [info] [hef.cpp:1929] [get_network_group_and_network_name] No name was given. Addressing all networks of default network_group: yolov8n_relu6_coco
[2025-11-04 09:06:14.519] [3393] [HailoRT] [info] [infer_model.cpp:436] [configure] Configuring network group 'yolov8n_relu6_coco' with params: batch size: 0, power mode: ULTRA_PERFORMANCE, latency: NONE
[2025-11-04 09:06:14.521] [3393] [HailoRT] [info] [multi_io_elements.cpp:756] [create] Created (AsyncHwEl)
[2025-11-04 09:06:14.522] [3393] [HailoRT] [info] [queue_elements.cpp:450] [create] Created (EntryPushQEl0yolov8n_relu6_coco/input_layer1 | timeout: 10s)
[2025-11-04 09:06:14.523] [3393] [HailoRT] [info] [edge_elements.cpp:187] [create] Created (LastAsyncEl4AsyncHwEl)
[2025-11-04 09:06:14.523] [3393] [HailoRT] [info] [edge_elements.cpp:187] [create] Created (LastAsyncEl3AsyncHwEl)
[2025-11-04 09:06:14.524] [3393] [HailoRT] [info] [edge_elements.cpp:187] [create] Created (LastAsyncEl2AsyncHwEl)
[2025-11-04 09:06:14.525] [3393] [HailoRT] [info] [edge_elements.cpp:187] [create] Created (LastAsyncEl0AsyncHwEl)
[2025-11-04 09:06:14.526] [3393] [HailoRT] [info] [edge_elements.cpp:187] [create] Created (LastAsyncEl5AsyncHwEl)
[2025-11-04 09:06:14.527] [3393] [HailoRT] [info] [edge_elements.cpp:187] [create] Created (LastAsyncEl1AsyncHwEl)
[2025-11-04 09:06:14.527] [3393] [HailoRT] [info] [pipeline.cpp:891] [print_deep_description] EntryPushQEl0yolov8n_relu6_coco/input_layer1 | inputs: user | outputs: AsyncHwEl(running in thread_id: 3470)
[2025-11-04 09:06:14.528] [3393] [HailoRT] [info] [pipeline.cpp:891] [print_deep_description] AsyncHwEl | inputs: EntryPushQEl0yolov8n_relu6_coco/input_layer1[0] | outputs: LastAsyncEl0AsyncHwEl LastAsyncEl1AsyncHwEl LastAsyncEl2AsyncHwEl LastAsyncEl3AsyncHwEl LastAsyncEl4AsyncHwEl LastAsyncEl5AsyncHwEl
[2025-11-04 09:06:14.528] [3393] [HailoRT] [info] [pipeline.cpp:891] [print_deep_description] LastAsyncEl0AsyncHwEl | inputs: AsyncHwEl[0] | outputs: user
[2025-11-04 09:06:14.528] [3393] [HailoRT] [info] [pipeline.cpp:891] [print_deep_description] LastAsyncEl1AsyncHwEl | inputs: AsyncHwEl[0] | outputs: user
[2025-11-04 09:06:14.528] [3393] [HailoRT] [info] [pipeline.cpp:891] [print_deep_description] LastAsyncEl2AsyncHwEl | inputs: AsyncHwEl[0] | outputs: user
[2025-11-04 09:06:14.528] [3393] [HailoRT] [info] [pipeline.cpp:891] [print_deep_description] LastAsyncEl3AsyncHwEl | inputs: AsyncHwEl[0] | outputs: user
[2025-11-04 09:06:14.528] [3393] [HailoRT] [info] [pipeline.cpp:891] [print_deep_description] LastAsyncEl4AsyncHwEl | inputs: AsyncHwEl[0] | outputs: user
[2025-11-04 09:06:14.528] [3393] [HailoRT] [info] [pipeline.cpp:891] [print_deep_description] LastAsyncEl5AsyncHwEl | inputs: AsyncHwEl[0] | outputs: user
[2025-11-04 09:06:14.528] [3393] [HailoRT] [info] [hef.cpp:1929] [get_network_group_and_network_name] No name was given. Addressing all networks of default network_group: yolov8n_relu6_coco
[2025-11-04 09:06:14.528] [3393] [HailoRT] [info] [hef.cpp:1929] [get_network_group_and_network_name] No name was given. Addressing all networks of default network_group: yolov8n_relu6_coco
[2025-11-04 10:40:49.127] [4502] [HailoRT] [info] [device.cpp:49] [Device] OS Version: Linux 6.12.47+rpt-rpi-2712 #1 SMP PREEMPT Debian 1:6.12.47-1+rpt1~bookworm (2025-09-16) aarch64
[2025-11-04 10:40:49.128] [4502] [HailoRT] [info] [control.cpp:108] [control__parse_identify_results] firmware_version is: 4.20.0
[2025-11-04 10:40:49.129] [4502] [HailoRT] [info] [control.cpp:108] [control__parse_identify_results] firmware_version is: 4.20.0
[2025-11-04 10:40:49.332] [4502] [HailoRT] [info] [device.cpp:49] [Device] OS Version: Linux 6.12.47+rpt-rpi-2712 #1 SMP PREEMPT Debian 1:6.12.47-1+rpt1~bookworm (2025-09-16) aarch64
[2025-11-04 10:40:49.333] [4502] [HailoRT] [info] [control.cpp:108] [control__parse_identify_results] firmware_version is: 4.20.0
[2025-11-04 10:40:49.334] [4502] [HailoRT] [info] [control.cpp:108] [control__parse_identify_results] firmware_version is: 4.20.0
[2025-11-04 10:40:49.388] [4502] [HailoRT] [info] [device.cpp:49] [Device] OS Version: Linux 6.12.47+rpt-rpi-2712 #1 SMP PREEMPT Debian 1:6.12.47-1+rpt1~bookworm (2025-09-16) aarch64
[2025-11-04 10:40:49.389] [4502] [HailoRT] [info] [control.cpp:108] [control__parse_identify_results] firmware_version is: 4.20.0
[2025-11-04 10:40:49.390] [4502] [HailoRT] [info] [control.cpp:108] [control__parse_identify_results] firmware_version is: 4.20.0
[2025-11-04 10:40:49.814] [4544] [HailoRT] [info] [device.cpp:49] [Device] OS Version: Linux 6.12.47+rpt-rpi-2712 #1 SMP PREEMPT Debian 1:6.12.47-1+rpt1~bookworm (2025-09-16) aarch64
[2025-11-04 10:40:49.816] [4544] [HailoRT] [info] [control.cpp:108] [control__parse_identify_results] firmware_version is: 4.20.0
[2025-11-04 10:40:49.838] [4544] [HailoRT] [info] [control.cpp:108] [control__parse_identify_results] firmware_version is: 4.20.0
[2025-11-04 10:40:49.883] [4544] [HailoRT] [info] [vdevice.cpp:523] [create] Creating vdevice with params: device_count: 1, scheduling_algorithm: ROUND_ROBIN, multi_process_service: true
[2025-11-04 10:40:50.968] [4544] [HailoRT] [info] [device.cpp:49] [Device] OS Version: Linux 6.12.47+rpt-rpi-2712 #1 SMP PREEMPT Debian 1:6.12.47-1+rpt1~bookworm (2025-09-16) aarch64
[2025-11-04 10:40:50.969] [4544] [HailoRT] [info] [control.cpp:108] [control__parse_identify_results] firmware_version is: 4.20.0
[2025-11-04 10:40:51.014] [4544] [HailoRT] [info] [hef.cpp:1929] [get_network_group_and_network_name] No name was given. Addressing all networks of default network_group: yolov8n_relu6_coco
[2025-11-04 10:40:51.014] [4544] [HailoRT] [info] [hef.cpp:1929] [get_network_group_and_network_name] No name was given. Addressing all networks of default network_group: yolov8n_relu6_coco
[2025-11-04 10:40:51.109] [4544] [HailoRT] [info] [infer_model.cpp:436] [configure] Configuring network group 'yolov8n_relu6_coco' with params: batch size: 0, power mode: ULTRA_PERFORMANCE, latency: NONE
[2025-11-04 10:40:51.112] [4544] [HailoRT] [info] [multi_io_elements.cpp:756] [create] Created (AsyncHwEl)
[2025-11-04 10:40:51.113] [4544] [HailoRT] [info] [queue_elements.cpp:450] [create] Created (EntryPushQEl0yolov8n_relu6_coco/input_layer1 | timeout: 10s)
[2025-11-04 10:40:51.114] [4544] [HailoRT] [info] [edge_elements.cpp:187] [create] Created (LastAsyncEl4AsyncHwEl)
[2025-11-04 10:40:51.115] [4544] [HailoRT] [info] [edge_elements.cpp:187] [create] Created (LastAsyncEl3AsyncHwEl)
[2025-11-04 10:40:51.115] [4544] [HailoRT] [info] [edge_elements.cpp:187] [create] Created (LastAsyncEl2AsyncHwEl)
[2025-11-04 10:40:51.116] [4544] [HailoRT] [info] [edge_elements.cpp:187] [create] Created (LastAsyncEl0AsyncHwEl)
[2025-11-04 10:40:51.117] [4544] [HailoRT] [info] [edge_elements.cpp:187] [create] Created (LastAsyncEl5AsyncHwEl)
[2025-11-04 10:40:51.117] [4544] [HailoRT] [info] [edge_elements.cpp:187] [create] Created (LastAsyncEl1AsyncHwEl)
[2025-11-04 10:40:51.117] [4544] [HailoRT] [info] [pipeline.cpp:891] [print_deep_description] EntryPushQEl0yolov8n_relu6_coco/input_layer1 | inputs: user | outputs: AsyncHwEl(running in thread_id: 4619)
[2025-11-04 10:40:51.118] [4544] [HailoRT] [info] [pipeline.cpp:891] [print_deep_description] AsyncHwEl | inputs: EntryPushQEl0yolov8n_relu6_coco/input_layer1[0] | outputs: LastAsyncEl0AsyncHwEl LastAsyncEl1AsyncHwEl LastAsyncEl2AsyncHwEl LastAsyncEl3AsyncHwEl LastAsyncEl4AsyncHwEl LastAsyncEl5AsyncHwEl
[2025-11-04 10:40:51.119] [4544] [HailoRT] [info] [pipeline.cpp:891] [print_deep_description] LastAsyncEl0AsyncHwEl | inputs: AsyncHwEl[0] | outputs: user
[2025-11-04 10:40:51.119] [4544] [HailoRT] [info] [pipeline.cpp:891] [print_deep_description] LastAsyncEl1AsyncHwEl | inputs: AsyncHwEl[0] | outputs: user
[2025-11-04 10:40:51.119] [4544] [HailoRT] [info] [pipeline.cpp:891] [print_deep_description] LastAsyncEl2AsyncHwEl | inputs: AsyncHwEl[0] | outputs: user
[2025-11-04 10:40:51.119] [4544] [HailoRT] [info] [pipeline.cpp:891] [print_deep_description] LastAsyncEl3AsyncHwEl | inputs: AsyncHwEl[0] | outputs: user
[2025-11-04 10:40:51.119] [4544] [HailoRT] [info] [pipeline.cpp:891] [print_deep_description] LastAsyncEl4AsyncHwEl | inputs: AsyncHwEl[0] | outputs: user
[2025-11-04 10:40:51.119] [4544] [HailoRT] [info] [pipeline.cpp:891] [print_deep_description] LastAsyncEl5AsyncHwEl | inputs: AsyncHwEl[0] | outputs: user
[2025-11-04 10:40:51.119] [4544] [HailoRT] [info] [hef.cpp:1929] [get_network_group_and_network_name] No name was given. Addressing all networks of default network_group: yolov8n_relu6_coco
[2025-11-04 10:40:51.119] [4544] [HailoRT] [info] [hef.cpp:1929] [get_network_group_and_network_name] No name was given. Addressing all networks of default network_group: yolov8n_relu6_coco
[2025-11-04 10:41:38.545] [5630] [HailoRT] [info] [device.cpp:49] [Device] OS Version: Linux 6.12.47+rpt-rpi-2712 #1 SMP PREEMPT Debian 1:6.12.47-1+rpt1~bookworm (2025-09-16) aarch64
[2025-11-04 10:41:38.552] [5630] [HailoRT] [info] [control.cpp:108] [control__parse_identify_results] firmware_version is: 4.20.0
[2025-11-04 10:41:38.554] [5630] [HailoRT] [info] [control.cpp:108] [control__parse_identify_results] firmware_version is: 4.20.0
[2025-11-04 10:41:38.632] [5630] [HailoRT] [info] [device.cpp:49] [Device] OS Version: Linux 6.12.47+rpt-rpi-2712 #1 SMP PREEMPT Debian 1:6.12.47-1+rpt1~bookworm (2025-09-16) aarch64
[2025-11-04 10:41:38.633] [5630] [HailoRT] [info] [control.cpp:108] [control__parse_identify_results] firmware_version is: 4.20.0
[2025-11-04 10:41:38.634] [5630] [HailoRT] [info] [control.cpp:108] [control__parse_identify_results] firmware_version is: 4.20.0
[2025-11-04 10:41:38.696] [5630] [HailoRT] [info] [device.cpp:49] [Device] OS Version: Linux 6.12.47+rpt-rpi-2712 #1 SMP PREEMPT Debian 1:6.12.47-1+rpt1~bookworm (2025-09-16) aarch64
[2025-11-04 10:41:38.697] [5630] [HailoRT] [info] [control.cpp:108] [control__parse_identify_results] firmware_version is: 4.20.0
[2025-11-04 10:41:38.698] [5630] [HailoRT] [info] [control.cpp:108] [control__parse_identify_results] firmware_version is: 4.20.0
[2025-11-04 10:41:38.962] [5659] [HailoRT] [info] [device.cpp:49] [Device] OS Version: Linux 6.12.47+rpt-rpi-2712 #1 SMP PREEMPT Debian 1:6.12.47-1+rpt1~bookworm (2025-09-16) aarch64
[2025-11-04 10:41:38.970] [5659] [HailoRT] [info] [control.cpp:108] [control__parse_identify_results] firmware_version is: 4.20.0
[2025-11-04 10:41:38.975] [5659] [HailoRT] [info] [control.cpp:108] [control__parse_identify_results] firmware_version is: 4.20.0
[2025-11-04 10:41:39.023] [5659] [HailoRT] [info] [vdevice.cpp:523] [create] Creating vdevice with params: device_count: 1, scheduling_algorithm: ROUND_ROBIN, multi_process_service: true
[2025-11-04 10:41:40.050] [5659] [HailoRT] [info] [device.cpp:49] [Device] OS Version: Linux 6.12.47+rpt-rpi-2712 #1 SMP PREEMPT Debian 1:6.12.47-1+rpt1~bookworm (2025-09-16) aarch64
[2025-11-04 10:41:40.052] [5659] [HailoRT] [info] [control.cpp:108] [control__parse_identify_results] firmware_version is: 4.20.0
[2025-11-04 10:41:40.089] [5659] [HailoRT] [info] [hef.cpp:1929] [get_network_group_and_network_name] No name was given. Addressing all networks of default network_group: yolov8n_relu6_coco
[2025-11-04 10:41:40.089] [5659] [HailoRT] [info] [hef.cpp:1929] [get_network_group_and_network_name] No name was given. Addressing all networks of default network_group: yolov8n_relu6_coco
[2025-11-04 10:41:40.183] [5659] [HailoRT] [info] [infer_model.cpp:436] [configure] Configuring network group 'yolov8n_relu6_coco' with params: batch size: 0, power mode: ULTRA_PERFORMANCE, latency: NONE
[2025-11-04 10:41:40.185] [5659] [HailoRT] [info] [multi_io_elements.cpp:756] [create] Created (AsyncHwEl)
[2025-11-04 10:41:40.185] [5659] [HailoRT] [info] [queue_elements.cpp:450] [create] Created (EntryPushQEl0yolov8n_relu6_coco/input_layer1 | timeout: 10s)
[2025-11-04 10:41:40.186] [5659] [HailoRT] [info] [edge_elements.cpp:187] [create] Created (LastAsyncEl4AsyncHwEl)
[2025-11-04 10:41:40.187] [5659] [HailoRT] [info] [edge_elements.cpp:187] [create] Created (LastAsyncEl3AsyncHwEl)
[2025-11-04 10:41:40.187] [5659] [HailoRT] [info] [edge_elements.cpp:187] [create] Created (LastAsyncEl2AsyncHwEl)
[2025-11-04 10:41:40.188] [5659] [HailoRT] [info] [edge_elements.cpp:187] [create] Created (LastAsyncEl0AsyncHwEl)
[2025-11-04 10:41:40.188] [5659] [HailoRT] [info] [edge_elements.cpp:187] [create] Created (LastAsyncEl5AsyncHwEl)
[2025-11-04 10:41:40.189] [5659] [HailoRT] [info] [edge_elements.cpp:187] [create] Created (LastAsyncEl1AsyncHwEl)
[2025-11-04 10:41:40.189] [5659] [HailoRT] [info] [pipeline.cpp:891] [print_deep_description] EntryPushQEl0yolov8n_relu6_coco/input_layer1 | inputs: user | outputs: AsyncHwEl(running in thread_id: 5731)
[2025-11-04 10:41:40.189] [5659] [HailoRT] [info] [pipeline.cpp:891] [print_deep_description] AsyncHwEl | inputs: EntryPushQEl0yolov8n_relu6_coco/input_layer1[0] | outputs: LastAsyncEl0AsyncHwEl LastAsyncEl1AsyncHwEl LastAsyncEl2AsyncHwEl LastAsyncEl3AsyncHwEl LastAsyncEl4AsyncHwEl LastAsyncEl5AsyncHwEl
[2025-11-04 10:41:40.189] [5659] [HailoRT] [info] [pipeline.cpp:891] [print_deep_description] LastAsyncEl0AsyncHwEl | inputs: AsyncHwEl[0] | outputs: user
[2025-11-04 10:41:40.189] [5659] [HailoRT] [info] [pipeline.cpp:891] [print_deep_description] LastAsyncEl1AsyncHwEl | inputs: AsyncHwEl[0] | outputs: user
[2025-11-04 10:41:40.189] [5659] [HailoRT] [info] [pipeline.cpp:891] [print_deep_description] LastAsyncEl2AsyncHwEl | inputs: AsyncHwEl[0] | outputs: user
[2025-11-04 10:41:40.189] [5659] [HailoRT] [info] [pipeline.cpp:891] [print_deep_description] LastAsyncEl3AsyncHwEl | inputs: AsyncHwEl[0] | outputs: user
[2025-11-04 10:41:40.189] [5659] [HailoRT] [info] [pipeline.cpp:891] [print_deep_description] LastAsyncEl4AsyncHwEl | inputs: AsyncHwEl[0] | outputs: user
[2025-11-04 10:41:40.189] [5659] [HailoRT] [info] [pipeline.cpp:891] [print_deep_description] LastAsyncEl5AsyncHwEl | inputs: AsyncHwEl[0] | outputs: user
[2025-11-04 10:41:40.189] [5659] [HailoRT] [info] [hef.cpp:1929] [get_network_group_and_network_name] No name was given. Addressing all networks of default network_group: yolov8n_relu6_coco
[2025-11-04 10:41:40.189] [5659] [HailoRT] [info] [hef.cpp:1929] [get_network_group_and_network_name] No name was given. Addressing all networks of default network_group: yolov8n_relu6_coco
[2025-11-04 13:40:34.901] [7247] [HailoRT] [info] [device.cpp:49] [Device] OS Version: Linux 6.12.47+rpt-rpi-2712 #1 SMP PREEMPT Debian 1:6.12.47-1+rpt1~bookworm (2025-09-16) aarch64
[2025-11-04 13:40:34.902] [7247] [HailoRT] [info] [control.cpp:108] [control__parse_identify_results] firmware_version is: 4.20.0
[2025-11-04 13:40:34.903] [7247] [HailoRT] [info] [control.cpp:108] [control__parse_identify_results] firmware_version is: 4.20.0
[2025-11-04 13:40:34.957] [7247] [HailoRT] [info] [device.cpp:49] [Device] OS Version: Linux 6.12.47+rpt-rpi-2712 #1 SMP PREEMPT Debian 1:6.12.47-1+rpt1~bookworm (2025-09-16) aarch64
[2025-11-04 13:40:34.958] [7247] [HailoRT] [info] [control.cpp:108] [control__parse_identify_results] firmware_version is: 4.20.0
[2025-11-04 13:40:34.959] [7247] [HailoRT] [info] [control.cpp:108] [control__parse_identify_results] firmware_version is: 4.20.0
[2025-11-04 13:40:35.008] [7247] [HailoRT] [info] [device.cpp:49] [Device] OS Version: Linux 6.12.47+rpt-rpi-2712 #1 SMP PREEMPT Debian 1:6.12.47-1+rpt1~bookworm (2025-09-16) aarch64
[2025-11-04 13:40:35.009] [7247] [HailoRT] [info] [control.cpp:108] [control__parse_identify_results] firmware_version is: 4.20.0
[2025-11-04 13:40:35.010] [7247] [HailoRT] [info] [control.cpp:108] [control__parse_identify_results] firmware_version is: 4.20.0
[2025-11-04 13:41:00.285] [7406] [HailoRT] [info] [device.cpp:49] [Device] OS Version: Linux 6.12.47+rpt-rpi-2712 #1 SMP PREEMPT Debian 1:6.12.47-1+rpt1~bookworm (2025-09-16) aarch64
[2025-11-04 13:41:00.287] [7406] [HailoRT] [info] [control.cpp:108] [control__parse_identify_results] firmware_version is: 4.20.0
[2025-11-04 13:41:00.287] [7406] [HailoRT] [info] [control.cpp:108] [control__parse_identify_results] firmware_version is: 4.20.0
[2025-11-04 13:41:00.357] [7406] [HailoRT] [info] [device.cpp:49] [Device] OS Version: Linux 6.12.47+rpt-rpi-2712 #1 SMP PREEMPT Debian 1:6.12.47-1+rpt1~bookworm (2025-09-16) aarch64
[2025-11-04 13:41:00.358] [7406] [HailoRT] [info] [control.cpp:108] [control__parse_identify_results] firmware_version is: 4.20.0
[2025-11-04 13:41:00.359] [7406] [HailoRT] [info] [control.cpp:108] [control__parse_identify_results] firmware_version is: 4.20.0
[2025-11-04 13:41:00.436] [7406] [HailoRT] [info] [device.cpp:49] [Device] OS Version: Linux 6.12.47+rpt-rpi-2712 #1 SMP PREEMPT Debian 1:6.12.47-1+rpt1~bookworm (2025-09-16) aarch64
[2025-11-04 13:41:00.437] [7406] [HailoRT] [info] [control.cpp:108] [control__parse_identify_results] firmware_version is: 4.20.0
[2025-11-04 13:41:00.438] [7406] [HailoRT] [info] [control.cpp:108] [control__parse_identify_results] firmware_version is: 4.20.0
[2025-11-04 13:41:32.141] [7553] [HailoRT] [info] [device.cpp:49] [Device] OS Version: Linux 6.12.47+rpt-rpi-2712 #1 SMP PREEMPT Debian 1:6.12.47-1+rpt1~bookworm (2025-09-16) aarch64
[2025-11-04 13:41:32.142] [7553] [HailoRT] [info] [control.cpp:108] [control__parse_identify_results] firmware_version is: 4.20.0
[2025-11-04 13:41:32.143] [7553] [HailoRT] [info] [control.cpp:108] [control__parse_identify_results] firmware_version is: 4.20.0
[2025-11-04 13:41:32.201] [7553] [HailoRT] [info] [device.cpp:49] [Device] OS Version: Linux 6.12.47+rpt-rpi-2712 #1 SMP PREEMPT Debian 1:6.12.47-1+rpt1~bookworm (2025-09-16) aarch64
[2025-11-04 13:41:32.202] [7553] [HailoRT] [info] [control.cpp:108] [control__parse_identify_results] firmware_version is: 4.20.0
[2025-11-04 13:41:32.203] [7553] [HailoRT] [info] [control.cpp:108] [control__parse_identify_results] firmware_version is: 4.20.0
[2025-11-04 13:41:32.260] [7553] [HailoRT] [info] [device.cpp:49] [Device] OS Version: Linux 6.12.47+rpt-rpi-2712 #1 SMP PREEMPT Debian 1:6.12.47-1+rpt1~bookworm (2025-09-16) aarch64
[2025-11-04 13:41:32.261] [7553] [HailoRT] [info] [control.cpp:108] [control__parse_identify_results] firmware_version is: 4.20.0
[2025-11-04 13:41:32.262] [7553] [HailoRT] [info] [control.cpp:108] [control__parse_identify_results] firmware_version is: 4.20.0
[2025-11-04 13:43:55.201] [7788] [HailoRT] [info] [device.cpp:49] [Device] OS Version: Linux 6.12.47+rpt-rpi-2712 #1 SMP PREEMPT Debian 1:6.12.47-1+rpt1~bookworm (2025-09-16) aarch64
[2025-11-04 13:43:55.202] [7788] [HailoRT] [info] [control.cpp:108] [control__parse_identify_results] firmware_version is: 4.20.0
[2025-11-04 13:43:55.203] [7788] [HailoRT] [info] [control.cpp:108] [control__parse_identify_results] firmware_version is: 4.20.0
[2025-11-04 13:43:55.265] [7788] [HailoRT] [info] [device.cpp:49] [Device] OS Version: Linux 6.12.47+rpt-rpi-2712 #1 SMP PREEMPT Debian 1:6.12.47-1+rpt1~bookworm (2025-09-16) aarch64
[2025-11-04 13:43:55.266] [7788] [HailoRT] [info] [control.cpp:108] [control__parse_identify_results] firmware_version is: 4.20.0
[2025-11-04 13:43:55.267] [7788] [HailoRT] [info] [control.cpp:108] [control__parse_identify_results] firmware_version is: 4.20.0
[2025-11-04 13:43:55.320] [7788] [HailoRT] [info] [device.cpp:49] [Device] OS Version: Linux 6.12.47+rpt-rpi-2712 #1 SMP PREEMPT Debian 1:6.12.47-1+rpt1~bookworm (2025-09-16) aarch64
[2025-11-04 13:43:55.321] [7788] [HailoRT] [info] [control.cpp:108] [control__parse_identify_results] firmware_version is: 4.20.0
[2025-11-04 13:43:55.322] [7788] [HailoRT] [info] [control.cpp:108] [control__parse_identify_results] firmware_version is: 4.20.0
[2025-11-04 13:43:56.761] [7814] [HailoRT] [info] [device.cpp:49] [Device] OS Version: Linux 6.12.47+rpt-rpi-2712 #1 SMP PREEMPT Debian 1:6.12.47-1+rpt1~bookworm (2025-09-16) aarch64
[2025-11-04 13:43:56.762] [7814] [HailoRT] [info] [control.cpp:108] [control__parse_identify_results] firmware_version is: 4.20.0
[2025-11-04 13:43:56.764] [7814] [HailoRT] [info] [control.cpp:108] [control__parse_identify_results] firmware_version is: 4.20.0
[2025-11-04 13:43:56.793] [7814] [HailoRT] [info] [vdevice.cpp:523] [create] Creating vdevice with params: device_count: 1, scheduling_algorithm: ROUND_ROBIN, multi_process_service: true
[2025-11-04 13:43:57.810] [7814] [HailoRT] [info] [device.cpp:49] [Device] OS Version: Linux 6.12.47+rpt-rpi-2712 #1 SMP PREEMPT Debian 1:6.12.47-1+rpt1~bookworm (2025-09-16) aarch64
[2025-11-04 13:43:57.811] [7814] [HailoRT] [info] [control.cpp:108] [control__parse_identify_results] firmware_version is: 4.20.0
[2025-11-04 13:43:57.850] [7814] [HailoRT] [info] [hef.cpp:1929] [get_network_group_and_network_name] No name was given. Addressing all networks of default network_group: yolov8n_relu6_coco
[2025-11-04 13:43:57.850] [7814] [HailoRT] [info] [hef.cpp:1929] [get_network_group_and_network_name] No name was given. Addressing all networks of default network_group: yolov8n_relu6_coco
[2025-11-04 13:43:57.966] [7814] [HailoRT] [info] [infer_model.cpp:436] [configure] Configuring network group 'yolov8n_relu6_coco' with params: batch size: 0, power mode: ULTRA_PERFORMANCE, latency: NONE
[2025-11-04 13:43:57.968] [7814] [HailoRT] [info] [multi_io_elements.cpp:756] [create] Created (AsyncHwEl)
[2025-11-04 13:43:57.968] [7814] [HailoRT] [info] [queue_elements.cpp:450] [create] Created (EntryPushQEl0yolov8n_relu6_coco/input_layer1 | timeout: 10s)
[2025-11-04 13:43:57.969] [7814] [HailoRT] [info] [edge_elements.cpp:187] [create] Created (LastAsyncEl4AsyncHwEl)
[2025-11-04 13:43:57.969] [7814] [HailoRT] [info] [edge_elements.cpp:187] [create] Created (LastAsyncEl3AsyncHwEl)
[2025-11-04 13:43:57.969] [7814] [HailoRT] [info] [edge_elements.cpp:187] [create] Created (LastAsyncEl2AsyncHwEl)
[2025-11-04 13:43:57.970] [7814] [HailoRT] [info] [edge_elements.cpp:187] [create] Created (LastAsyncEl0AsyncHwEl)
[2025-11-04 13:43:57.970] [7814] [HailoRT] [info] [edge_elements.cpp:187] [create] Created (LastAsyncEl5AsyncHwEl)
[2025-11-04 13:43:57.970] [7814] [HailoRT] [info] [edge_elements.cpp:187] [create] Created (LastAsyncEl1AsyncHwEl)
[2025-11-04 13:43:57.970] [7814] [HailoRT] [info] [pipeline.cpp:891] [print_deep_description] EntryPushQEl0yolov8n_relu6_coco/input_layer1 | inputs: user | outputs: AsyncHwEl(running in thread_id: 7884)
[2025-11-04 13:43:57.976] [7814] [HailoRT] [info] [pipeline.cpp:891] [print_deep_description] AsyncHwEl | inputs: EntryPushQEl0yolov8n_relu6_coco/input_layer1[0] | outputs: LastAsyncEl0AsyncHwEl LastAsyncEl1AsyncHwEl LastAsyncEl2AsyncHwEl LastAsyncEl3AsyncHwEl LastAsyncEl4AsyncHwEl LastAsyncEl5AsyncHwEl
[2025-11-04 13:43:57.982] [7814] [HailoRT] [info] [pipeline.cpp:891] [print_deep_description] LastAsyncEl0AsyncHwEl | inputs: AsyncHwEl[0] | outputs: user
[2025-11-04 13:43:57.982] [7814] [HailoRT] [info] [pipeline.cpp:891] [print_deep_description] LastAsyncEl1AsyncHwEl | inputs: AsyncHwEl[0] | outputs: user
[2025-11-04 13:43:57.982] [7814] [HailoRT] [info] [pipeline.cpp:891] [print_deep_description] LastAsyncEl2AsyncHwEl | inputs: AsyncHwEl[0] | outputs: user
[2025-11-04 13:43:57.982] [7814] [HailoRT] [info] [pipeline.cpp:891] [print_deep_description] LastAsyncEl3AsyncHwEl | inputs: AsyncHwEl[0] | outputs: user
[2025-11-04 13:43:57.982] [7814] [HailoRT] [info] [pipeline.cpp:891] [print_deep_description] LastAsyncEl4AsyncHwEl | inputs: AsyncHwEl[0] | outputs: user
[2025-11-04 13:43:57.982] [7814] [HailoRT] [info] [pipeline.cpp:891] [print_deep_description] LastAsyncEl5AsyncHwEl | inputs: AsyncHwEl[0] | outputs: user
[2025-11-04 13:43:57.982] [7814] [HailoRT] [info] [hef.cpp:1929] [get_network_group_and_network_name] No name was given. Addressing all networks of default network_group: yolov8n_relu6_coco
[2025-11-04 13:43:57.982] [7814] [HailoRT] [info] [hef.cpp:1929] [get_network_group_and_network_name] No name was given. Addressing all networks of default network_group: yolov8n_relu6_coco
[2025-11-04 13:48:29.573] [8834] [HailoRT] [info] [device.cpp:49] [Device] OS Version: Linux 6.12.47+rpt-rpi-2712 #1 SMP PREEMPT Debian 1:6.12.47-1+rpt1~bookworm (2025-09-16) aarch64
[2025-11-04 13:48:29.574] [8834] [HailoRT] [info] [control.cpp:108] [control__parse_identify_results] firmware_version is: 4.20.0
[2025-11-04 13:48:29.575] [8834] [HailoRT] [info] [control.cpp:108] [control__parse_identify_results] firmware_version is: 4.20.0
[2025-11-04 13:48:29.637] [8834] [HailoRT] [info] [device.cpp:49] [Device] OS Version: Linux 6.12.47+rpt-rpi-2712 #1 SMP PREEMPT Debian 1:6.12.47-1+rpt1~bookworm (2025-09-16) aarch64
[2025-11-04 13:48:29.638] [8834] [HailoRT] [info] [control.cpp:108] [control__parse_identify_results] firmware_version is: 4.20.0
[2025-11-04 13:48:29.639] [8834] [HailoRT] [info] [control.cpp:108] [control__parse_identify_results] firmware_version is: 4.20.0
[2025-11-04 13:48:29.688] [8834] [HailoRT] [info] [device.cpp:49] [Device] OS Version: Linux 6.12.47+rpt-rpi-2712 #1 SMP PREEMPT Debian 1:6.12.47-1+rpt1~bookworm (2025-09-16) aarch64
[2025-11-04 13:48:29.689] [8834] [HailoRT] [info] [control.cpp:108] [control__parse_identify_results] firmware_version is: 4.20.0
[2025-11-04 13:48:29.690] [8834] [HailoRT] [info] [control.cpp:108] [control__parse_identify_results] firmware_version is: 4.20.0
[2025-11-04 13:48:31.052] [8861] [HailoRT] [info] [device.cpp:49] [Device] OS Version: Linux 6.12.47+rpt-rpi-2712 #1 SMP PREEMPT Debian 1:6.12.47-1+rpt1~bookworm (2025-09-16) aarch64
[2025-11-04 13:48:31.054] [8861] [HailoRT] [info] [control.cpp:108] [control__parse_identify_results] firmware_version is: 4.20.0
[2025-11-04 13:48:31.054] [8861] [HailoRT] [info] [control.cpp:108] [control__parse_identify_results] firmware_version is: 4.20.0
[2025-11-04 13:48:31.085] [8861] [HailoRT] [info] [vdevice.cpp:523] [create] Creating vdevice with params: device_count: 1, scheduling_algorithm: ROUND_ROBIN, multi_process_service: true
[2025-11-04 13:48:32.107] [8861] [HailoRT] [info] [device.cpp:49] [Device] OS Version: Linux 6.12.47+rpt-rpi-2712 #1 SMP PREEMPT Debian 1:6.12.47-1+rpt1~bookworm (2025-09-16) aarch64
[2025-11-04 13:48:32.108] [8861] [HailoRT] [info] [control.cpp:108] [control__parse_identify_results] firmware_version is: 4.20.0
[2025-11-04 13:48:32.146] [8861] [HailoRT] [info] [hef.cpp:1929] [get_network_group_and_network_name] No name was given. Addressing all networks of default network_group: yolov8n_relu6_coco
[2025-11-04 13:48:32.146] [8861] [HailoRT] [info] [hef.cpp:1929] [get_network_group_and_network_name] No name was given. Addressing all networks of default network_group: yolov8n_relu6_coco
[2025-11-04 13:48:32.258] [8861] [HailoRT] [info] [infer_model.cpp:436] [configure] Configuring network group 'yolov8n_relu6_coco' with params: batch size: 0, power mode: ULTRA_PERFORMANCE, latency: NONE
[2025-11-04 13:48:32.260] [8861] [HailoRT] [info] [multi_io_elements.cpp:756] [create] Created (AsyncHwEl)
[2025-11-04 13:48:32.260] [8861] [HailoRT] [info] [queue_elements.cpp:450] [create] Created (EntryPushQEl0yolov8n_relu6_coco/input_layer1 | timeout: 10s)
[2025-11-04 13:48:32.261] [8861] [HailoRT] [info] [edge_elements.cpp:187] [create] Created (LastAsyncEl4AsyncHwEl)
[2025-11-04 13:48:32.261] [8861] [HailoRT] [info] [edge_elements.cpp:187] [create] Created (LastAsyncEl3AsyncHwEl)
[2025-11-04 13:48:32.261] [8861] [HailoRT] [info] [edge_elements.cpp:187] [create] Created (LastAsyncEl2AsyncHwEl)
[2025-11-04 13:48:32.261] [8861] [HailoRT] [info] [edge_elements.cpp:187] [create] Created (LastAsyncEl0AsyncHwEl)
[2025-11-04 13:48:32.262] [8861] [HailoRT] [info] [edge_elements.cpp:187] [create] Created (LastAsyncEl5AsyncHwEl)
[2025-11-04 13:48:32.262] [8861] [HailoRT] [info] [edge_elements.cpp:187] [create] Created (LastAsyncEl1AsyncHwEl)
[2025-11-04 13:48:32.262] [8861] [HailoRT] [info] [pipeline.cpp:891] [print_deep_description] EntryPushQEl0yolov8n_relu6_coco/input_layer1 | inputs: user | outputs: AsyncHwEl(running in thread_id: 8933)
[2025-11-04 13:48:32.262] [8861] [HailoRT] [info] [pipeline.cpp:891] [print_deep_description] AsyncHwEl | inputs: EntryPushQEl0yolov8n_relu6_coco/input_layer1[0] | outputs: LastAsyncEl0AsyncHwEl LastAsyncEl1AsyncHwEl LastAsyncEl2AsyncHwEl LastAsyncEl3AsyncHwEl LastAsyncEl4AsyncHwEl LastAsyncEl5AsyncHwEl
[2025-11-04 13:48:32.263] [8861] [HailoRT] [info] [pipeline.cpp:891] [print_deep_description] LastAsyncEl0AsyncHwEl | inputs: AsyncHwEl[0] | outputs: user
[2025-11-04 13:48:32.263] [8861] [HailoRT] [info] [pipeline.cpp:891] [print_deep_description] LastAsyncEl1AsyncHwEl | inputs: AsyncHwEl[0] | outputs: user
[2025-11-04 13:48:32.263] [8861] [HailoRT] [info] [pipeline.cpp:891] [print_deep_description] LastAsyncEl2AsyncHwEl | inputs: AsyncHwEl[0] | outputs: user
[2025-11-04 13:48:32.263] [8861] [HailoRT] [info] [pipeline.cpp:891] [print_deep_description] LastAsyncEl3AsyncHwEl | inputs: AsyncHwEl[0] | outputs: user
[2025-11-04 13:48:32.263] [8861] [HailoRT] [info] [pipeline.cpp:891] [print_deep_description] LastAsyncEl4AsyncHwEl | inputs: AsyncHwEl[0] | outputs: user
[2025-11-04 13:48:32.263] [8861] [HailoRT] [info] [pipeline.cpp:891] [print_deep_description] LastAsyncEl5AsyncHwEl | inputs: AsyncHwEl[0] | outputs: user
[2025-11-04 13:48:32.263] [8861] [HailoRT] [info] [hef.cpp:1929] [get_network_group_and_network_name] No name was given. Addressing all networks of default network_group: yolov8n_relu6_coco
[2025-11-04 13:48:32.263] [8861] [HailoRT] [info] [hef.cpp:1929] [get_network_group_and_network_name] No name was given. Addressing all networks of default network_group: yolov8n_relu6_coco
